{"name":"createRecordWithIndividualOther","status":"broken","statusDetails":{"known":false,"muted":false,"flaky":false,"message":"invalid selector: An invalid or illegal selector was specified\n  (Session info: chrome=111.0.5563.147)\nFor documentation on this error, please visit: https://selenium.dev/exceptions/#invalid_selector_exception\nBuild info: version: '4.8.3', revision: 'e5e76298c3'\nSystem info: os.name: 'Windows 10', os.arch: 'amd64', os.version: '10.0', java.version: '14.0.2'\nDriver info: org.openqa.selenium.chrome.ChromeDriver\nCommand: [d5327c8f9904aaddc95b1097e9457983, findElementFromShadowRoot {shadowId=a1d1a13f-2bce-4e51-b9a8-5048e19115f2, using=css selector, value=form#addressForm button(2)}]\nCapabilities {acceptInsecureCerts: false, browserName: chrome, browserVersion: 111.0.5563.147, chrome: {chromedriverVersion: 111.0.5563.64 (c710e93d5b63..., userDataDir: C:\\Users\\Nasreenk\\AppData\\L...}, goog:chromeOptions: {debuggerAddress: localhost:57790}, networkConnectionEnabled: false, pageLoadStrategy: none, platformName: WINDOWS, proxy: Proxy(), se:cdp: ws://localhost:57790/devtoo..., se:cdpVersion: 111.0.5563.147, setWindowRect: true, strictFileInteractability: false, timeouts: {implicit: 0, pageLoad: 300000, script: 30000}, unhandledPromptBehavior: dismiss and notify, webauthn:extension:credBlob: true, webauthn:extension:largeBlob: true, webauthn:extension:minPinLength: true, webauthn:extension:prf: true, webauthn:virtualAuthenticators: true}\nSession ID: d5327c8f9904aaddc95b1097e9457983","trace":"org.openqa.selenium.InvalidSelectorException: invalid selector: An invalid or illegal selector was specified\n  (Session info: chrome=111.0.5563.147)\nFor documentation on this error, please visit: https://selenium.dev/exceptions/#invalid_selector_exception\nBuild info: version: '4.8.3', revision: 'e5e76298c3'\nSystem info: os.name: 'Windows 10', os.arch: 'amd64', os.version: '10.0', java.version: '14.0.2'\nDriver info: org.openqa.selenium.chrome.ChromeDriver\nCommand: [d5327c8f9904aaddc95b1097e9457983, findElementFromShadowRoot {shadowId=a1d1a13f-2bce-4e51-b9a8-5048e19115f2, using=css selector, value=form#addressForm button(2)}]\nCapabilities {acceptInsecureCerts: false, browserName: chrome, browserVersion: 111.0.5563.147, chrome: {chromedriverVersion: 111.0.5563.64 (c710e93d5b63..., userDataDir: C:\\Users\\Nasreenk\\AppData\\L...}, goog:chromeOptions: {debuggerAddress: localhost:57790}, networkConnectionEnabled: false, pageLoadStrategy: none, platformName: WINDOWS, proxy: Proxy(), se:cdp: ws://localhost:57790/devtoo..., se:cdpVersion: 111.0.5563.147, setWindowRect: true, strictFileInteractability: false, timeouts: {implicit: 0, pageLoad: 300000, script: 30000}, unhandledPromptBehavior: dismiss and notify, webauthn:extension:credBlob: true, webauthn:extension:largeBlob: true, webauthn:extension:minPinLength: true, webauthn:extension:prf: true, webauthn:virtualAuthenticators: true}\nSession ID: d5327c8f9904aaddc95b1097e9457983\r\n\tat java.base/jdk.internal.reflect.NativeConstructorAccessorImpl.newInstance0(Native Method)\r\n\tat java.base/jdk.internal.reflect.NativeConstructorAccessorImpl.newInstance(NativeConstructorAccessorImpl.java:62)\r\n\tat java.base/jdk.internal.reflect.DelegatingConstructorAccessorImpl.newInstance(DelegatingConstructorAccessorImpl.java:45)\r\n\tat java.base/java.lang.reflect.Constructor.newInstanceWithCaller(Constructor.java:500)\r\n\tat java.base/java.lang.reflect.Constructor.newInstance(Constructor.java:481)\r\n\tat org.openqa.selenium.remote.codec.w3c.W3CHttpResponseCodec.createException(W3CHttpResponseCodec.java:200)\r\n\tat org.openqa.selenium.remote.codec.w3c.W3CHttpResponseCodec.decode(W3CHttpResponseCodec.java:133)\r\n\tat org.openqa.selenium.remote.codec.w3c.W3CHttpResponseCodec.decode(W3CHttpResponseCodec.java:53)\r\n\tat org.openqa.selenium.remote.HttpCommandExecutor.execute(HttpCommandExecutor.java:193)\r\n\tat org.openqa.selenium.remote.service.DriverCommandExecutor.invokeExecute(DriverCommandExecutor.java:183)\r\n\tat org.openqa.selenium.remote.service.DriverCommandExecutor.execute(DriverCommandExecutor.java:158)\r\n\tat org.openqa.selenium.remote.RemoteWebDriver.execute(RemoteWebDriver.java:543)\r\n\tat org.openqa.selenium.remote.ElementLocation$ElementFinder$2.findElement(ElementLocation.java:162)\r\n\tat org.openqa.selenium.remote.ElementLocation.findElement(ElementLocation.java:60)\r\n\tat org.openqa.selenium.remote.RemoteWebDriver.findElement(RemoteWebDriver.java:352)\r\n\tat org.openqa.selenium.remote.ShadowRoot.findElement(ShadowRoot.java:55)\r\n\tat pages.PageNewAVT.webEleClickOnAskCustomerToAssistBtn(PageNewAVT.java:213)\r\n\tat pages.TestPageNewAVT.createRecordWithIndividualOther(TestPageNewAVT.java:155)\r\n\tat java.base/jdk.internal.reflect.NativeMethodAccessorImpl.invoke0(Native Method)\r\n\tat java.base/jdk.internal.reflect.NativeMethodAccessorImpl.invoke(NativeMethodAccessorImpl.java:62)\r\n\tat java.base/jdk.internal.reflect.DelegatingMethodAccessorImpl.invoke(DelegatingMethodAccessorImpl.java:43)\r\n\tat java.base/java.lang.reflect.Method.invoke(Method.java:564)\r\n\tat org.testng.internal.MethodInvocationHelper.invokeMethod(MethodInvocationHelper.java:134)\r\n\tat org.testng.internal.TestInvoker.invokeMethod(TestInvoker.java:597)\r\n\tat org.testng.internal.TestInvoker.invokeTestMethod(TestInvoker.java:173)\r\n\tat org.testng.internal.MethodRunner.runInSequence(MethodRunner.java:46)\r\n\tat org.testng.internal.TestInvoker$MethodInvocationAgent.invoke(TestInvoker.java:816)\r\n\tat org.testng.internal.TestInvoker.invokeTestMethods(TestInvoker.java:146)\r\n\tat org.testng.internal.TestMethodWorker.invokeTestMethods(TestMethodWorker.java:146)\r\n\tat org.testng.internal.TestMethodWorker.run(TestMethodWorker.java:128)\r\n\tat java.base/java.util.ArrayList.forEach(ArrayList.java:1511)\r\n\tat org.testng.TestRunner.privateRun(TestRunner.java:766)\r\n\tat org.testng.TestRunner.run(TestRunner.java:587)\r\n\tat org.testng.SuiteRunner.runTest(SuiteRunner.java:384)\r\n\tat org.testng.SuiteRunner.runSequentially(SuiteRunner.java:378)\r\n\tat org.testng.SuiteRunner.privateRun(SuiteRunner.java:337)\r\n\tat org.testng.SuiteRunner.run(SuiteRunner.java:286)\r\n\tat org.testng.SuiteRunnerWorker.runSuite(SuiteRunnerWorker.java:53)\r\n\tat org.testng.SuiteRunnerWorker.run(SuiteRunnerWorker.java:96)\r\n\tat org.testng.TestNG.runSuitesSequentially(TestNG.java:1187)\r\n\tat org.testng.TestNG.runSuitesSequentially(TestNG.java:1182)\r\n\tat org.testng.TestNG.runSuitesLocally(TestNG.java:1109)\r\n\tat org.testng.TestNG.runSuites(TestNG.java:1039)\r\n\tat org.testng.TestNG.run(TestNG.java:1007)\r\n\tat org.apache.maven.surefire.testng.TestNGExecutor.run(TestNGExecutor.java:283)\r\n\tat org.apache.maven.surefire.testng.TestNGXmlTestSuite.execute(TestNGXmlTestSuite.java:75)\r\n\tat org.apache.maven.surefire.testng.TestNGProvider.invoke(TestNGProvider.java:120)\r\n\tat org.apache.maven.surefire.booter.ForkedBooter.runSuitesInProcess(ForkedBooter.java:377)\r\n\tat org.apache.maven.surefire.booter.ForkedBooter.execute(ForkedBooter.java:138)\r\n\tat org.apache.maven.surefire.booter.ForkedBooter.run(ForkedBooter.java:465)\r\n\tat org.apache.maven.surefire.booter.ForkedBooter.main(ForkedBooter.java:451)\r\n"},"stage":"finished","steps":[{"name":" Select customer type as Individual Other","status":"passed","stage":"finished","steps":[],"attachments":[],"parameters":[],"start":1680600693452,"stop":1680600698558},{"name":" Select customer type","status":"passed","stage":"finished","steps":[],"attachments":[],"parameters":[{"name":"txt","value":"Nasreen"}],"start":1680600703568,"stop":1680600703689},{"name":" Enter Contact Last Name","status":"passed","stage":"finished","steps":[],"attachments":[],"parameters":[{"name":"txt","value":"Khan"}],"start":1680600708700,"stop":1680600708801},{"name":" Enter primary contact number","status":"passed","stage":"finished","steps":[],"attachments":[],"parameters":[{"name":"txt","value":"9766235786"}],"start":1680600708801,"stop":1680600709038},{"name":" Enter primary contact number","status":"passed","stage":"finished","steps":[],"attachments":[],"parameters":[{"name":"txt","value":"test@test.com"}],"start":1680600709038,"stop":1680600709194},{"name":" Enter Delivery Address-WorkPlace","status":"passed","stage":"finished","steps":[],"attachments":[],"parameters":[{"name":"txt","value":"Teak"}],"start":1680600714200,"stop":1680600744369},{"name":"Click and select Home #destinationType for Other CT","status":"passed","stage":"finished","steps":[],"attachments":[],"parameters":[],"start":1680600764396,"stop":1680600768702},{"name":"Click on proceed button","status":"passed","stage":"finished","steps":[],"attachments":[],"parameters":[],"start":1680600788710,"stop":1680600788794},{"name":"Click on AskCustomerToAssist button","status":"broken","statusDetails":{"known":false,"muted":false,"flaky":false,"message":"invalid selector: An invalid or illegal selector was specified\n  (Session info: chrome=111.0.5563.147)\nFor documentation on this error, please visit: https://selenium.dev/exceptions/#invalid_selector_exception\nBuild info: version: '4.8.3', revision: 'e5e76298c3'\nSystem info: os.name: 'Windows 10', os.arch: 'amd64', os.version: '10.0', java.version: '14.0.2'\nDriver info: org.openqa.selenium.chrome.ChromeDriver\nCommand: [d5327c8f9904aaddc95b1097e9457983, findElementFromShadowRoot {shadowId=a1d1a13f-2bce-4e51-b9a8-5048e19115f2, using=css selector, value=form#addressForm button(2)}]\nCapabilities {acceptInsecureCerts: false, browserName: chrome, browserVersion: 111.0.5563.147, chrome: {chromedriverVersion: 111.0.5563.64 (c710e93d5b63..., userDataDir: C:\\Users\\Nasreenk\\AppData\\L...}, goog:chromeOptions: {debuggerAddress: localhost:57790}, networkConnectionEnabled: false, pageLoadStrategy: none, platformName: WINDOWS, proxy: Proxy(), se:cdp: ws://localhost:57790/devtoo..., se:cdpVersion: 111.0.5563.147, setWindowRect: true, strictFileInteractability: false, timeouts: {implicit: 0, pageLoad: 300000, script: 30000}, unhandledPromptBehavior: dismiss and notify, webauthn:extension:credBlob: true, webauthn:extension:largeBlob: true, webauthn:extension:minPinLength: true, webauthn:extension:prf: true, webauthn:virtualAuthenticators: true}\nSession ID: d5327c8f9904aaddc95b1097e9457983","trace":"org.openqa.selenium.InvalidSelectorException: invalid selector: An invalid or illegal selector was specified\n  (Session info: chrome=111.0.5563.147)\nFor documentation on this error, please visit: https://selenium.dev/exceptions/#invalid_selector_exception\nBuild info: version: '4.8.3', revision: 'e5e76298c3'\nSystem info: os.name: 'Windows 10', os.arch: 'amd64', os.version: '10.0', java.version: '14.0.2'\nDriver info: org.openqa.selenium.chrome.ChromeDriver\nCommand: [d5327c8f9904aaddc95b1097e9457983, findElementFromShadowRoot {shadowId=a1d1a13f-2bce-4e51-b9a8-5048e19115f2, using=css selector, value=form#addressForm button(2)}]\nCapabilities {acceptInsecureCerts: false, browserName: chrome, browserVersion: 111.0.5563.147, chrome: {chromedriverVersion: 111.0.5563.64 (c710e93d5b63..., userDataDir: C:\\Users\\Nasreenk\\AppData\\L...}, goog:chromeOptions: {debuggerAddress: localhost:57790}, networkConnectionEnabled: false, pageLoadStrategy: none, platformName: WINDOWS, proxy: Proxy(), se:cdp: ws://localhost:57790/devtoo..., se:cdpVersion: 111.0.5563.147, setWindowRect: true, strictFileInteractability: false, timeouts: {implicit: 0, pageLoad: 300000, script: 30000}, unhandledPromptBehavior: dismiss and notify, webauthn:extension:credBlob: true, webauthn:extension:largeBlob: true, webauthn:extension:minPinLength: true, webauthn:extension:prf: true, webauthn:virtualAuthenticators: true}\nSession ID: d5327c8f9904aaddc95b1097e9457983\r\n\tat java.base/jdk.internal.reflect.NativeConstructorAccessorImpl.newInstance0(Native Method)\r\n\tat java.base/jdk.internal.reflect.NativeConstructorAccessorImpl.newInstance(NativeConstructorAccessorImpl.java:62)\r\n\tat java.base/jdk.internal.reflect.DelegatingConstructorAccessorImpl.newInstance(DelegatingConstructorAccessorImpl.java:45)\r\n\tat java.base/java.lang.reflect.Constructor.newInstanceWithCaller(Constructor.java:500)\r\n\tat java.base/java.lang.reflect.Constructor.newInstance(Constructor.java:481)\r\n\tat org.openqa.selenium.remote.codec.w3c.W3CHttpResponseCodec.createException(W3CHttpResponseCodec.java:200)\r\n\tat org.openqa.selenium.remote.codec.w3c.W3CHttpResponseCodec.decode(W3CHttpResponseCodec.java:133)\r\n\tat org.openqa.selenium.remote.codec.w3c.W3CHttpResponseCodec.decode(W3CHttpResponseCodec.java:53)\r\n\tat org.openqa.selenium.remote.HttpCommandExecutor.execute(HttpCommandExecutor.java:193)\r\n\tat org.openqa.selenium.remote.service.DriverCommandExecutor.invokeExecute(DriverCommandExecutor.java:183)\r\n\tat org.openqa.selenium.remote.service.DriverCommandExecutor.execute(DriverCommandExecutor.java:158)\r\n\tat org.openqa.selenium.remote.RemoteWebDriver.execute(RemoteWebDriver.java:543)\r\n\tat org.openqa.selenium.remote.ElementLocation$ElementFinder$2.findElement(ElementLocation.java:162)\r\n\tat org.openqa.selenium.remote.ElementLocation.findElement(ElementLocation.java:60)\r\n\tat org.openqa.selenium.remote.RemoteWebDriver.findElement(RemoteWebDriver.java:352)\r\n\tat org.openqa.selenium.remote.ShadowRoot.findElement(ShadowRoot.java:55)\r\n\tat pages.PageNewAVT.webEleClickOnAskCustomerToAssistBtn(PageNewAVT.java:213)\r\n\tat pages.TestPageNewAVT.createRecordWithIndividualOther(TestPageNewAVT.java:155)\r\n\tat java.base/jdk.internal.reflect.NativeMethodAccessorImpl.invoke0(Native Method)\r\n\tat java.base/jdk.internal.reflect.NativeMethodAccessorImpl.invoke(NativeMethodAccessorImpl.java:62)\r\n\tat java.base/jdk.internal.reflect.DelegatingMethodAccessorImpl.invoke(DelegatingMethodAccessorImpl.java:43)\r\n\tat java.base/java.lang.reflect.Method.invoke(Method.java:564)\r\n\tat org.testng.internal.MethodInvocationHelper.invokeMethod(MethodInvocationHelper.java:134)\r\n\tat org.testng.internal.TestInvoker.invokeMethod(TestInvoker.java:597)\r\n\tat org.testng.internal.TestInvoker.invokeTestMethod(TestInvoker.java:173)\r\n\tat org.testng.internal.MethodRunner.runInSequence(MethodRunner.java:46)\r\n\tat org.testng.internal.TestInvoker$MethodInvocationAgent.invoke(TestInvoker.java:816)\r\n\tat org.testng.internal.TestInvoker.invokeTestMethods(TestInvoker.java:146)\r\n\tat org.testng.internal.TestMethodWorker.invokeTestMethods(TestMethodWorker.java:146)\r\n\tat org.testng.internal.TestMethodWorker.run(TestMethodWorker.java:128)\r\n\tat java.base/java.util.ArrayList.forEach(ArrayList.java:1511)\r\n\tat org.testng.TestRunner.privateRun(TestRunner.java:766)\r\n\tat org.testng.TestRunner.run(TestRunner.java:587)\r\n\tat org.testng.SuiteRunner.runTest(SuiteRunner.java:384)\r\n\tat org.testng.SuiteRunner.runSequentially(SuiteRunner.java:378)\r\n\tat org.testng.SuiteRunner.privateRun(SuiteRunner.java:337)\r\n\tat org.testng.SuiteRunner.run(SuiteRunner.java:286)\r\n\tat org.testng.SuiteRunnerWorker.runSuite(SuiteRunnerWorker.java:53)\r\n\tat org.testng.SuiteRunnerWorker.run(SuiteRunnerWorker.java:96)\r\n\tat org.testng.TestNG.runSuitesSequentially(TestNG.java:1187)\r\n\tat org.testng.TestNG.runSuitesSequentially(TestNG.java:1182)\r\n\tat org.testng.TestNG.runSuitesLocally(TestNG.java:1109)\r\n\tat org.testng.TestNG.runSuites(TestNG.java:1039)\r\n\tat org.testng.TestNG.run(TestNG.java:1007)\r\n\tat org.apache.maven.surefire.testng.TestNGExecutor.run(TestNGExecutor.java:283)\r\n\tat org.apache.maven.surefire.testng.TestNGXmlTestSuite.execute(TestNGXmlTestSuite.java:75)\r\n\tat org.apache.maven.surefire.testng.TestNGProvider.invoke(TestNGProvider.java:120)\r\n\tat org.apache.maven.surefire.booter.ForkedBooter.runSuitesInProcess(ForkedBooter.java:377)\r\n\tat org.apache.maven.surefire.booter.ForkedBooter.execute(ForkedBooter.java:138)\r\n\tat org.apache.maven.surefire.booter.ForkedBooter.run(ForkedBooter.java:465)\r\n\tat org.apache.maven.surefire.booter.ForkedBooter.main(ForkedBooter.java:451)\r\n"},"stage":"finished","steps":[],"attachments":[],"parameters":[],"start":1680600818804,"stop":1680600818842}],"attachments":[],"parameters":[{"name":"arg0","value":"{COLUMN_29=, COLUMN_28=, COLUMN_27=, COLUMN_26=, COLUMN_25=, WorkDeliveryAddress=99 Gold Street, Toekomsrus, Randfontein, South Africa, COLUMN_24=, COLUMN_23=, COLUMN_22=, COLUMN_21=, COLUMN_20=, WorkplaceName=Nasreen, CustomerFirstName=Nasreen, ContactPrimNumber=9766235786, HomeDeliveryAddress=45 Great North Road, Brentwood Park, Johannesburg, South Africa, OtherDeliveryAddress=Teak, CustomerLastName=Khan, COLUMN_9=, COLUMN_19=, COLUMN_18=, COLUMN_17=, COLUMN_16=, COLUMN_15=, COLUMN_14=, EmailAddress=test@test.com, COLUMN_13=, COLUMN_12=, COLUMN_11=, COLUMN_10=}"}],"start":1680600668066,"stop":1680600818845,"uuid":"729f9a22-b92c-4c51-9623-c99751c3dd88","historyId":"ea275b7ac6422d5b10b79218374b52ac","fullName":"pages.TestPageNewAVT.createRecordWithIndividualOther","labels":[{"name":"package","value":"pages.TestPageNewAVT"},{"name":"testClass","value":"pages.TestPageNewAVT"},{"name":"testMethod","value":"createRecordWithIndividualOther"},{"name":"parentSuite","value":"Valid Login Scenario"},{"name":"suite","value":"Test Consignment"},{"name":"subSuite","value":"pages.TestPageNewAVT"},{"name":"host","value":"WJLP-3098"},{"name":"thread","value":"11908@WJLP-3098.main(1)"},{"name":"framework","value":"testng"},{"name":"language","value":"java"}],"links":[]}