<!DOCTYPE html PUBLIC "-//W3C//DTD XHTML 1.1//EN" "http://www.w3.org/TR/xhtml11/DTD/xhtml11.dtd">
<html xmlns="http://www.w3.org/1999/xhtml">
<head>
<meta http-equiv="content-type" content="text/html; charset=UTF-8"/>
<title>TestNG Report</title>
<style type="text/css">table {margin-bottom:10px;border-collapse:collapse;empty-cells:show}th,td {border:1px solid #009;padding:.25em .5em}th {vertical-align:bottom}td {vertical-align:top}table a {font-weight:bold}.stripe td {background-color: #E6EBF9}.num {text-align:right}.passedodd td {background-color: #3F3}.passedeven td {background-color: #0A0}.skippedodd td {background-color: #DDD}.skippedeven td {background-color: #CCC}.failedodd td,.attn {background-color: #F33}.failedeven td,.stripe .attn {background-color: #D00}.stacktrace {white-space:pre;font-family:monospace}.totop {font-size:85%;text-align:center;border-bottom:2px solid #000}.invisible {display:none}</style>
</head>
<body>
<table>
<tr><th>Test</th><th># Passed</th><th># Skipped</th><th># Retried</th><th># Failed</th><th>Time (ms)</th><th>Included Groups</th><th>Excluded Groups</th></tr>
<tr><th colspan="8">App.RAM Functional and Regression Testing</th></tr>
<tr><th colspan="8">Valid Login Scenario</th></tr>
<tr><td><a href="#t0">Check login and logout successfully</a></td><td class="num">1</td><td class="num">0</td><td class="num">0</td><td class="num">0</td><td class="num">42,356</td><td></td><td></td></tr>
<tr class="stripe"><td><a href="#t1">Test Consignment</a></td><td class="num">1</td><td class="num">0</td><td class="num">0</td><td class="num attn">3</td><td class="num">168,880</td><td></td><td></td></tr>
<tr><th>Total</th><th class="num">2</th><th class="num">0</th><th class="num">0</th><th class="num attn">3</th><th class="num">211,236</th><th colspan="2"></th></tr>
</table>
<table id='summary'><thead><tr><th>Class</th><th>Method</th><th>Start</th><th>Time (ms)</th></tr></thead><tbody><tr><th colspan="4">App.RAM Functional and Regression Testing</th></tr></tbody><tbody><tr><th colspan="4">Valid Login Scenario</th></tr></tbody><tbody id="t0"><tr><th colspan="4">Check login and logout successfully &#8212; passed</th></tr><tr class="passedeven"><td rowspan="1">pages.LoginPageTest</td><td><a href="#m0">signIn</a></td><td rowspan="1">1682333864732</td><td rowspan="1">40693</td></tr></tbody>
<tbody id="t1"><tr><th colspan="4">Test Consignment &#8212; failed</th></tr><tr class="failedeven"><td rowspan="3">pages.TestPageNewAVT</td><td><a href="#m1">createRecordWithIndividualHome</a></td><td rowspan="1">1682334018288</td><td rowspan="1">35794</td></tr><tr class="failedeven"><td><a href="#m2">createRecordWithIndividualOther</a></td><td rowspan="1">1682334054161</td><td rowspan="1">20705</td></tr><tr class="failedeven"><td><a href="#m3">createRecordWithIndividualWork</a></td><td rowspan="1">1682333936885</td><td rowspan="1">81286</td></tr><tr><th colspan="4">Test Consignment &#8212; passed</th></tr><tr class="passedeven"><td rowspan="1">pages.TestPageNewAVT</td><td><a href="#m4">clickOnConsignment</a></td><td rowspan="1">1682333906026</td><td rowspan="1">30255</td></tr></tbody>
</table>
<h2>Check login and logout successfully</h2><h3 id="m0">pages.LoginPageTest#signIn</h3><table class="result"><tr class="param"><th>Parameter #1</th></tr><tr class="param stripe"><td>{Status=, Message=, Password=Nasreen@1230, UserName=Nasreen.khan@ram.co.za}</td></tr></table><p class="totop"><a href="#summary">back to summary</a></p>
<h2>Test Consignment</h2><h3 id="m1">pages.TestPageNewAVT#createRecordWithIndividualHome</h3><table class="result"><tr class="param"><th>Parameter #1</th></tr><tr class="param stripe"><td>{COLUMN_29=, COLUMN_28=, COLUMN_27=, COLUMN_26=, COLUMN_25=, WorkDeliveryAddress=99 Gold Street, Toekomsrus, Randfontein, South Africa, COLUMN_24=, COLUMN_23=, COLUMN_22=, COLUMN_21=, COLUMN_20=, WorkplaceName=Nasreen, CustomerFirstName=Nasreen, ContactPrimNumber=9766235786, HomeDeliveryAddress=45 Great North Road, Brentwood Park, Johannesburg, South Africa, OtherDeliveryAddress=Teak, CustomerLastName=Khan, COLUMN_9=, COLUMN_19=, COLUMN_18=, COLUMN_17=, COLUMN_16=, COLUMN_15=, COLUMN_14=, EmailAddress=test@test.com, COLUMN_13=, COLUMN_12=, COLUMN_11=, COLUMN_10=}</td></tr><tr><th>Exception</th></tr><tr><td><div class="stacktrace">org.openqa.selenium.NoSuchElementException: no such element: Unable to locate element: {&quot;method&quot;:&quot;css selector&quot;,&quot;selector&quot;:&quot;form#addressForm input&quot;}
  (Session info: headless chrome=112.0.5615.138)
For documentation on this error, please visit: https://selenium.dev/exceptions/#no_such_element
Build info: version: &apos;4.8.3&apos;, revision: &apos;e5e76298c3&apos;
System info: os.name: &apos;Windows 10&apos;, os.arch: &apos;amd64&apos;, os.version: &apos;10.0&apos;, java.version: &apos;14.0.2&apos;
Driver info: org.openqa.selenium.chrome.ChromeDriver
Command: [0c476da2f3a6a5f3711dd5c4a00742a4, findElementFromShadowRoot {shadowId=e1af8b0a-aa7e-49d4-8bbe-6cb09af0004d, using=css selector, value=form#addressForm input}]
Capabilities {acceptInsecureCerts: false, browserName: chrome, browserVersion: 112.0.5615.138, chrome: {chromedriverVersion: 112.0.5615.28 (e01c41304994..., userDataDir: C:\Users\Nasreenk\AppData\L...}, goog:chromeOptions: {debuggerAddress: localhost:58495}, networkConnectionEnabled: false, pageLoadStrategy: none, platformName: WINDOWS, proxy: Proxy(), se:cdp: ws://localhost:58495/devtoo..., se:cdpVersion: 112.0.5615.138, setWindowRect: true, strictFileInteractability: false, timeouts: {implicit: 0, pageLoad: 300000, script: 30000}, unhandledPromptBehavior: dismiss and notify, webauthn:extension:credBlob: true, webauthn:extension:largeBlob: true, webauthn:extension:minPinLength: true, webauthn:extension:prf: true, webauthn:virtualAuthenticators: true}
Session ID: 0c476da2f3a6a5f3711dd5c4a00742a4
	at org.openqa.selenium.remote.codec.w3c.W3CHttpResponseCodec.createException(W3CHttpResponseCodec.java:200)
	at org.openqa.selenium.remote.codec.w3c.W3CHttpResponseCodec.decode(W3CHttpResponseCodec.java:133)
	at org.openqa.selenium.remote.codec.w3c.W3CHttpResponseCodec.decode(W3CHttpResponseCodec.java:53)
	at org.openqa.selenium.remote.HttpCommandExecutor.execute(HttpCommandExecutor.java:193)
	at org.openqa.selenium.remote.service.DriverCommandExecutor.invokeExecute(DriverCommandExecutor.java:183)
	at org.openqa.selenium.remote.service.DriverCommandExecutor.execute(DriverCommandExecutor.java:158)
	at org.openqa.selenium.remote.RemoteWebDriver.execute(RemoteWebDriver.java:543)
	at org.openqa.selenium.remote.ElementLocation$ElementFinder$2.findElement(ElementLocation.java:162)
	at org.openqa.selenium.remote.ElementLocation.findElement(ElementLocation.java:60)
	at org.openqa.selenium.remote.RemoteWebDriver.findElement(RemoteWebDriver.java:352)
	at org.openqa.selenium.remote.ShadowRoot.findElement(ShadowRoot.java:55)
	at pages.PageNewAVT.enterDeliverAddressForWorkPlace(PageNewAVT.java:165)
	at pages.TestPageNewAVT.createRecordWithIndividualHome(TestPageNewAVT.java:114)
	at java.base/java.util.ArrayList.forEach(ArrayList.java:1511)
... Removed 37 stack frames</div></td></tr></table><p class="totop"><a href="#summary">back to summary</a></p>
<h3 id="m2">pages.TestPageNewAVT#createRecordWithIndividualOther</h3><table class="result"><tr class="param"><th>Parameter #1</th></tr><tr class="param stripe"><td>{COLUMN_29=, COLUMN_28=, COLUMN_27=, COLUMN_26=, COLUMN_25=, WorkDeliveryAddress=99 Gold Street, Toekomsrus, Randfontein, South Africa, COLUMN_24=, COLUMN_23=, COLUMN_22=, COLUMN_21=, COLUMN_20=, WorkplaceName=Nasreen, CustomerFirstName=Nasreen, ContactPrimNumber=9766235786, HomeDeliveryAddress=45 Great North Road, Brentwood Park, Johannesburg, South Africa, OtherDeliveryAddress=Teak, CustomerLastName=Khan, COLUMN_9=, COLUMN_19=, COLUMN_18=, COLUMN_17=, COLUMN_16=, COLUMN_15=, COLUMN_14=, EmailAddress=test@test.com, COLUMN_13=, COLUMN_12=, COLUMN_11=, COLUMN_10=}</td></tr><tr><th>Exception</th></tr><tr><td><div class="stacktrace">org.openqa.selenium.NoSuchElementException: no such element: Unable to locate element: {&quot;method&quot;:&quot;css selector&quot;,&quot;selector&quot;:&quot;form#addressForm input&quot;}
  (Session info: headless chrome=112.0.5615.138)
For documentation on this error, please visit: https://selenium.dev/exceptions/#no_such_element
Build info: version: &apos;4.8.3&apos;, revision: &apos;e5e76298c3&apos;
System info: os.name: &apos;Windows 10&apos;, os.arch: &apos;amd64&apos;, os.version: &apos;10.0&apos;, java.version: &apos;14.0.2&apos;
Driver info: org.openqa.selenium.chrome.ChromeDriver
Command: [0c476da2f3a6a5f3711dd5c4a00742a4, findElementFromShadowRoot {shadowId=e1af8b0a-aa7e-49d4-8bbe-6cb09af0004d, using=css selector, value=form#addressForm input}]
Capabilities {acceptInsecureCerts: false, browserName: chrome, browserVersion: 112.0.5615.138, chrome: {chromedriverVersion: 112.0.5615.28 (e01c41304994..., userDataDir: C:\Users\Nasreenk\AppData\L...}, goog:chromeOptions: {debuggerAddress: localhost:58495}, networkConnectionEnabled: false, pageLoadStrategy: none, platformName: WINDOWS, proxy: Proxy(), se:cdp: ws://localhost:58495/devtoo..., se:cdpVersion: 112.0.5615.138, setWindowRect: true, strictFileInteractability: false, timeouts: {implicit: 0, pageLoad: 300000, script: 30000}, unhandledPromptBehavior: dismiss and notify, webauthn:extension:credBlob: true, webauthn:extension:largeBlob: true, webauthn:extension:minPinLength: true, webauthn:extension:prf: true, webauthn:virtualAuthenticators: true}
Session ID: 0c476da2f3a6a5f3711dd5c4a00742a4
	at org.openqa.selenium.remote.codec.w3c.W3CHttpResponseCodec.createException(W3CHttpResponseCodec.java:200)
	at org.openqa.selenium.remote.codec.w3c.W3CHttpResponseCodec.decode(W3CHttpResponseCodec.java:133)
	at org.openqa.selenium.remote.codec.w3c.W3CHttpResponseCodec.decode(W3CHttpResponseCodec.java:53)
	at org.openqa.selenium.remote.HttpCommandExecutor.execute(HttpCommandExecutor.java:193)
	at org.openqa.selenium.remote.service.DriverCommandExecutor.invokeExecute(DriverCommandExecutor.java:183)
	at org.openqa.selenium.remote.service.DriverCommandExecutor.execute(DriverCommandExecutor.java:158)
	at org.openqa.selenium.remote.RemoteWebDriver.execute(RemoteWebDriver.java:543)
	at org.openqa.selenium.remote.ElementLocation$ElementFinder$2.findElement(ElementLocation.java:162)
	at org.openqa.selenium.remote.ElementLocation.findElement(ElementLocation.java:60)
	at org.openqa.selenium.remote.RemoteWebDriver.findElement(RemoteWebDriver.java:352)
	at org.openqa.selenium.remote.ShadowRoot.findElement(ShadowRoot.java:55)
	at pages.PageNewAVT.enterDeliverAddressForWorkPlace(PageNewAVT.java:165)
	at pages.TestPageNewAVT.createRecordWithIndividualOther(TestPageNewAVT.java:156)
	at java.base/java.util.ArrayList.forEach(ArrayList.java:1511)
... Removed 37 stack frames</div></td></tr></table><p class="totop"><a href="#summary">back to summary</a></p>
<h3 id="m3">pages.TestPageNewAVT#createRecordWithIndividualWork</h3><table class="result"><tr class="param"><th>Parameter #1</th></tr><tr class="param stripe"><td>{COLUMN_29=, COLUMN_28=, COLUMN_27=, COLUMN_26=, COLUMN_25=, WorkDeliveryAddress=99 Gold Street, Toekomsrus, Randfontein, South Africa, COLUMN_24=, COLUMN_23=, COLUMN_22=, COLUMN_21=, COLUMN_20=, WorkplaceName=Nasreen, CustomerFirstName=Nasreen, ContactPrimNumber=9766235786, HomeDeliveryAddress=45 Great North Road, Brentwood Park, Johannesburg, South Africa, OtherDeliveryAddress=Teak, CustomerLastName=Khan, COLUMN_9=, COLUMN_19=, COLUMN_18=, COLUMN_17=, COLUMN_16=, COLUMN_15=, COLUMN_14=, EmailAddress=test@test.com, COLUMN_13=, COLUMN_12=, COLUMN_11=, COLUMN_10=}</td></tr><tr><th>Exception</th></tr><tr><td><div class="stacktrace">org.openqa.selenium.NoSuchElementException: no such element: Unable to locate element: {&quot;method&quot;:&quot;css selector&quot;,&quot;selector&quot;:&quot;form#addressForm ul&gt;li:nth-child(3)&quot;}
  (Session info: headless chrome=112.0.5615.138)
For documentation on this error, please visit: https://selenium.dev/exceptions/#no_such_element
Build info: version: &apos;4.8.3&apos;, revision: &apos;e5e76298c3&apos;
System info: os.name: &apos;Windows 10&apos;, os.arch: &apos;amd64&apos;, os.version: &apos;10.0&apos;, java.version: &apos;14.0.2&apos;
Driver info: org.openqa.selenium.chrome.ChromeDriver
Command: [0c476da2f3a6a5f3711dd5c4a00742a4, findElementFromShadowRoot {shadowId=e1af8b0a-aa7e-49d4-8bbe-6cb09af0004d, using=css selector, value=form#addressForm ul&gt;li:nth-child(3)}]
Capabilities {acceptInsecureCerts: false, browserName: chrome, browserVersion: 112.0.5615.138, chrome: {chromedriverVersion: 112.0.5615.28 (e01c41304994..., userDataDir: C:\Users\Nasreenk\AppData\L...}, goog:chromeOptions: {debuggerAddress: localhost:58495}, networkConnectionEnabled: false, pageLoadStrategy: none, platformName: WINDOWS, proxy: Proxy(), se:cdp: ws://localhost:58495/devtoo..., se:cdpVersion: 112.0.5615.138, setWindowRect: true, strictFileInteractability: false, timeouts: {implicit: 0, pageLoad: 300000, script: 30000}, unhandledPromptBehavior: dismiss and notify, webauthn:extension:credBlob: true, webauthn:extension:largeBlob: true, webauthn:extension:minPinLength: true, webauthn:extension:prf: true, webauthn:virtualAuthenticators: true}
Session ID: 0c476da2f3a6a5f3711dd5c4a00742a4
	at org.openqa.selenium.remote.codec.w3c.W3CHttpResponseCodec.createException(W3CHttpResponseCodec.java:200)
	at org.openqa.selenium.remote.codec.w3c.W3CHttpResponseCodec.decode(W3CHttpResponseCodec.java:133)
	at org.openqa.selenium.remote.codec.w3c.W3CHttpResponseCodec.decode(W3CHttpResponseCodec.java:53)
	at org.openqa.selenium.remote.HttpCommandExecutor.execute(HttpCommandExecutor.java:193)
	at org.openqa.selenium.remote.service.DriverCommandExecutor.invokeExecute(DriverCommandExecutor.java:183)
	at org.openqa.selenium.remote.service.DriverCommandExecutor.execute(DriverCommandExecutor.java:158)
	at org.openqa.selenium.remote.RemoteWebDriver.execute(RemoteWebDriver.java:543)
	at org.openqa.selenium.remote.ElementLocation$ElementFinder$2.findElement(ElementLocation.java:162)
	at org.openqa.selenium.remote.ElementLocation.findElement(ElementLocation.java:60)
	at org.openqa.selenium.remote.RemoteWebDriver.findElement(RemoteWebDriver.java:352)
	at org.openqa.selenium.remote.ShadowRoot.findElement(ShadowRoot.java:55)
	at pages.PageNewAVT.enterDeliverAddressForWorkPlace(PageNewAVT.java:170)
	at pages.TestPageNewAVT.createRecordWithIndividualWork(TestPageNewAVT.java:67)
	at java.base/java.util.ArrayList.forEach(ArrayList.java:1511)
... Removed 37 stack frames</div></td></tr></table><p class="totop"><a href="#summary">back to summary</a></p>
<h3 id="m4">pages.TestPageNewAVT#clickOnConsignment</h3><table class="result"><tr><th class="invisible"/></tr></table><p class="totop"><a href="#summary">back to summary</a></p>
</body>
</html>
