{"uid":"71572b73b975caf9","name":"clickOnAccordian","fullName":"pages.TestPageNewAVT.clickOnAccordian","historyId":"46b932ab134d51208c09906cc318a6d1","time":{"start":1680090737764,"stop":1680090796736,"duration":58972},"status":"broken","statusMessage":"getShadowRoot","statusTrace":"java.lang.UnsupportedOperationException: getShadowRoot\r\n\tat org.openqa.selenium.WebElement.getShadowRoot(WebElement.java:276)\r\n\tat pages.PageNewAVT.enterDeliverAddress(PageNewAVT.java:140)\r\n\tat pages.TestPageNewAVT.clickOnAccordian(TestPageNewAVT.java:69)\r\n\tat java.base/jdk.internal.reflect.NativeMethodAccessorImpl.invoke0(Native Method)\r\n\tat java.base/jdk.internal.reflect.NativeMethodAccessorImpl.invoke(NativeMethodAccessorImpl.java:62)\r\n\tat java.base/jdk.internal.reflect.DelegatingMethodAccessorImpl.invoke(DelegatingMethodAccessorImpl.java:43)\r\n\tat java.base/java.lang.reflect.Method.invoke(Method.java:564)\r\n\tat org.testng.internal.MethodInvocationHelper.invokeMethod(MethodInvocationHelper.java:134)\r\n\tat org.testng.internal.TestInvoker.invokeMethod(TestInvoker.java:597)\r\n\tat org.testng.internal.TestInvoker.invokeTestMethod(TestInvoker.java:173)\r\n\tat org.testng.internal.MethodRunner.runInSequence(MethodRunner.java:46)\r\n\tat org.testng.internal.TestInvoker$MethodInvocationAgent.invoke(TestInvoker.java:816)\r\n\tat org.testng.internal.TestInvoker.invokeTestMethods(TestInvoker.java:146)\r\n\tat org.testng.internal.TestMethodWorker.invokeTestMethods(TestMethodWorker.java:146)\r\n\tat org.testng.internal.TestMethodWorker.run(TestMethodWorker.java:128)\r\n\tat java.base/java.util.ArrayList.forEach(ArrayList.java:1511)\r\n\tat org.testng.TestRunner.privateRun(TestRunner.java:766)\r\n\tat org.testng.TestRunner.run(TestRunner.java:587)\r\n\tat org.testng.SuiteRunner.runTest(SuiteRunner.java:384)\r\n\tat org.testng.SuiteRunner.runSequentially(SuiteRunner.java:378)\r\n\tat org.testng.SuiteRunner.privateRun(SuiteRunner.java:337)\r\n\tat org.testng.SuiteRunner.run(SuiteRunner.java:286)\r\n\tat org.testng.SuiteRunnerWorker.runSuite(SuiteRunnerWorker.java:53)\r\n\tat org.testng.SuiteRunnerWorker.run(SuiteRunnerWorker.java:96)\r\n\tat org.testng.TestNG.runSuitesSequentially(TestNG.java:1187)\r\n\tat org.testng.TestNG.runSuitesSequentially(TestNG.java:1182)\r\n\tat org.testng.TestNG.runSuitesLocally(TestNG.java:1109)\r\n\tat org.testng.TestNG.runSuites(TestNG.java:1039)\r\n\tat org.testng.TestNG.run(TestNG.java:1007)\r\n\tat org.apache.maven.surefire.testng.TestNGExecutor.run(TestNGExecutor.java:283)\r\n\tat org.apache.maven.surefire.testng.TestNGXmlTestSuite.execute(TestNGXmlTestSuite.java:75)\r\n\tat org.apache.maven.surefire.testng.TestNGProvider.invoke(TestNGProvider.java:120)\r\n\tat org.apache.maven.surefire.booter.ForkedBooter.runSuitesInProcess(ForkedBooter.java:377)\r\n\tat org.apache.maven.surefire.booter.ForkedBooter.execute(ForkedBooter.java:138)\r\n\tat org.apache.maven.surefire.booter.ForkedBooter.run(ForkedBooter.java:465)\r\n\tat org.apache.maven.surefire.booter.ForkedBooter.main(ForkedBooter.java:451)\r\n","flaky":false,"newFailed":false,"newBroken":false,"newPassed":false,"retriesCount":0,"retriesStatusChange":false,"beforeStages":[{"name":"setUp","time":{"start":1680090652415,"stop":1680090662240,"duration":9825},"description":"","status":"passed","steps":[],"attachments":[],"parameters":[],"shouldDisplayMessage":false,"attachmentsCount":0,"stepsCount":0,"hasContent":false},{"name":"waitForLoad","time":{"start":1680090706607,"stop":1680090706607,"duration":0},"description":"","status":"passed","steps":[],"attachments":[],"parameters":[],"shouldDisplayMessage":false,"attachmentsCount":0,"stepsCount":0,"hasContent":false},{"name":"init","time":{"start":1680090706608,"stop":1680090706635,"duration":27},"description":"","status":"passed","steps":[],"attachments":[],"parameters":[],"shouldDisplayMessage":false,"attachmentsCount":0,"stepsCount":0,"hasContent":false}],"testStage":{"status":"broken","statusMessage":"getShadowRoot","statusTrace":"java.lang.UnsupportedOperationException: getShadowRoot\r\n\tat org.openqa.selenium.WebElement.getShadowRoot(WebElement.java:276)\r\n\tat pages.PageNewAVT.enterDeliverAddress(PageNewAVT.java:140)\r\n\tat pages.TestPageNewAVT.clickOnAccordian(TestPageNewAVT.java:69)\r\n\tat java.base/jdk.internal.reflect.NativeMethodAccessorImpl.invoke0(Native Method)\r\n\tat java.base/jdk.internal.reflect.NativeMethodAccessorImpl.invoke(NativeMethodAccessorImpl.java:62)\r\n\tat java.base/jdk.internal.reflect.DelegatingMethodAccessorImpl.invoke(DelegatingMethodAccessorImpl.java:43)\r\n\tat java.base/java.lang.reflect.Method.invoke(Method.java:564)\r\n\tat org.testng.internal.MethodInvocationHelper.invokeMethod(MethodInvocationHelper.java:134)\r\n\tat org.testng.internal.TestInvoker.invokeMethod(TestInvoker.java:597)\r\n\tat org.testng.internal.TestInvoker.invokeTestMethod(TestInvoker.java:173)\r\n\tat org.testng.internal.MethodRunner.runInSequence(MethodRunner.java:46)\r\n\tat org.testng.internal.TestInvoker$MethodInvocationAgent.invoke(TestInvoker.java:816)\r\n\tat org.testng.internal.TestInvoker.invokeTestMethods(TestInvoker.java:146)\r\n\tat org.testng.internal.TestMethodWorker.invokeTestMethods(TestMethodWorker.java:146)\r\n\tat org.testng.internal.TestMethodWorker.run(TestMethodWorker.java:128)\r\n\tat java.base/java.util.ArrayList.forEach(ArrayList.java:1511)\r\n\tat org.testng.TestRunner.privateRun(TestRunner.java:766)\r\n\tat org.testng.TestRunner.run(TestRunner.java:587)\r\n\tat org.testng.SuiteRunner.runTest(SuiteRunner.java:384)\r\n\tat org.testng.SuiteRunner.runSequentially(SuiteRunner.java:378)\r\n\tat org.testng.SuiteRunner.privateRun(SuiteRunner.java:337)\r\n\tat org.testng.SuiteRunner.run(SuiteRunner.java:286)\r\n\tat org.testng.SuiteRunnerWorker.runSuite(SuiteRunnerWorker.java:53)\r\n\tat org.testng.SuiteRunnerWorker.run(SuiteRunnerWorker.java:96)\r\n\tat org.testng.TestNG.runSuitesSequentially(TestNG.java:1187)\r\n\tat org.testng.TestNG.runSuitesSequentially(TestNG.java:1182)\r\n\tat org.testng.TestNG.runSuitesLocally(TestNG.java:1109)\r\n\tat org.testng.TestNG.runSuites(TestNG.java:1039)\r\n\tat org.testng.TestNG.run(TestNG.java:1007)\r\n\tat org.apache.maven.surefire.testng.TestNGExecutor.run(TestNGExecutor.java:283)\r\n\tat org.apache.maven.surefire.testng.TestNGXmlTestSuite.execute(TestNGXmlTestSuite.java:75)\r\n\tat org.apache.maven.surefire.testng.TestNGProvider.invoke(TestNGProvider.java:120)\r\n\tat org.apache.maven.surefire.booter.ForkedBooter.runSuitesInProcess(ForkedBooter.java:377)\r\n\tat org.apache.maven.surefire.booter.ForkedBooter.execute(ForkedBooter.java:138)\r\n\tat org.apache.maven.surefire.booter.ForkedBooter.run(ForkedBooter.java:465)\r\n\tat org.apache.maven.surefire.booter.ForkedBooter.main(ForkedBooter.java:451)\r\n","steps":[{"name":" Select customer type","time":{"start":1680090763163,"stop":1680090768300,"duration":5137},"status":"passed","steps":[],"attachments":[],"parameters":[],"shouldDisplayMessage":false,"attachmentsCount":0,"stepsCount":0,"hasContent":false},{"name":" Select customer type","time":{"start":1680090773302,"stop":1680090773421,"duration":119},"status":"passed","steps":[],"attachments":[],"parameters":[],"shouldDisplayMessage":false,"attachmentsCount":0,"stepsCount":0,"hasContent":false},{"name":" Enter Contact Last Name","time":{"start":1680090778422,"stop":1680090778530,"duration":108},"status":"passed","steps":[],"attachments":[],"parameters":[],"shouldDisplayMessage":false,"attachmentsCount":0,"stepsCount":0,"hasContent":false},{"name":" Enter primary contact number","time":{"start":1680090778531,"stop":1680090778934,"duration":403},"status":"passed","steps":[],"attachments":[],"parameters":[],"shouldDisplayMessage":false,"attachmentsCount":0,"stepsCount":0,"hasContent":false},{"name":" Enter primary contact number","time":{"start":1680090778934,"stop":1680090796719,"duration":17785},"status":"passed","steps":[],"attachments":[],"parameters":[],"shouldDisplayMessage":false,"attachmentsCount":0,"stepsCount":0,"hasContent":false},{"name":" Enter Delivery Address","time":{"start":1680090796719,"stop":1680090796729,"duration":10},"status":"broken","statusMessage":"getShadowRoot","statusTrace":"java.lang.UnsupportedOperationException: getShadowRoot\r\n\tat org.openqa.selenium.WebElement.getShadowRoot(WebElement.java:276)\r\n\tat pages.PageNewAVT.enterDeliverAddress(PageNewAVT.java:140)\r\n\tat pages.TestPageNewAVT.clickOnAccordian(TestPageNewAVT.java:69)\r\n\tat java.base/jdk.internal.reflect.NativeMethodAccessorImpl.invoke0(Native Method)\r\n\tat java.base/jdk.internal.reflect.NativeMethodAccessorImpl.invoke(NativeMethodAccessorImpl.java:62)\r\n\tat java.base/jdk.internal.reflect.DelegatingMethodAccessorImpl.invoke(DelegatingMethodAccessorImpl.java:43)\r\n\tat java.base/java.lang.reflect.Method.invoke(Method.java:564)\r\n\tat org.testng.internal.MethodInvocationHelper.invokeMethod(MethodInvocationHelper.java:134)\r\n\tat org.testng.internal.TestInvoker.invokeMethod(TestInvoker.java:597)\r\n\tat org.testng.internal.TestInvoker.invokeTestMethod(TestInvoker.java:173)\r\n\tat org.testng.internal.MethodRunner.runInSequence(MethodRunner.java:46)\r\n\tat org.testng.internal.TestInvoker$MethodInvocationAgent.invoke(TestInvoker.java:816)\r\n\tat org.testng.internal.TestInvoker.invokeTestMethods(TestInvoker.java:146)\r\n\tat org.testng.internal.TestMethodWorker.invokeTestMethods(TestMethodWorker.java:146)\r\n\tat org.testng.internal.TestMethodWorker.run(TestMethodWorker.java:128)\r\n\tat java.base/java.util.ArrayList.forEach(ArrayList.java:1511)\r\n\tat org.testng.TestRunner.privateRun(TestRunner.java:766)\r\n\tat org.testng.TestRunner.run(TestRunner.java:587)\r\n\tat org.testng.SuiteRunner.runTest(SuiteRunner.java:384)\r\n\tat org.testng.SuiteRunner.runSequentially(SuiteRunner.java:378)\r\n\tat org.testng.SuiteRunner.privateRun(SuiteRunner.java:337)\r\n\tat org.testng.SuiteRunner.run(SuiteRunner.java:286)\r\n\tat org.testng.SuiteRunnerWorker.runSuite(SuiteRunnerWorker.java:53)\r\n\tat org.testng.SuiteRunnerWorker.run(SuiteRunnerWorker.java:96)\r\n\tat org.testng.TestNG.runSuitesSequentially(TestNG.java:1187)\r\n\tat org.testng.TestNG.runSuitesSequentially(TestNG.java:1182)\r\n\tat org.testng.TestNG.runSuitesLocally(TestNG.java:1109)\r\n\tat org.testng.TestNG.runSuites(TestNG.java:1039)\r\n\tat org.testng.TestNG.run(TestNG.java:1007)\r\n\tat org.apache.maven.surefire.testng.TestNGExecutor.run(TestNGExecutor.java:283)\r\n\tat org.apache.maven.surefire.testng.TestNGXmlTestSuite.execute(TestNGXmlTestSuite.java:75)\r\n\tat org.apache.maven.surefire.testng.TestNGProvider.invoke(TestNGProvider.java:120)\r\n\tat org.apache.maven.surefire.booter.ForkedBooter.runSuitesInProcess(ForkedBooter.java:377)\r\n\tat org.apache.maven.surefire.booter.ForkedBooter.execute(ForkedBooter.java:138)\r\n\tat org.apache.maven.surefire.booter.ForkedBooter.run(ForkedBooter.java:465)\r\n\tat org.apache.maven.surefire.booter.ForkedBooter.main(ForkedBooter.java:451)\r\n","steps":[],"attachments":[],"parameters":[],"shouldDisplayMessage":true,"attachmentsCount":0,"stepsCount":0,"hasContent":true}],"attachments":[{"uid":"86f07ca8f7472e30","name":"clickOnAccordian failed and screenshot taken!","source":"86f07ca8f7472e30.txt","type":"text/plain","size":45}],"parameters":[],"shouldDisplayMessage":false,"attachmentsCount":1,"stepsCount":6,"hasContent":true},"afterStages":[{"name":"tearBrowser","time":{"start":1680090796784,"stop":1680090800535,"duration":3751},"description":"","status":"passed","steps":[],"attachments":[],"parameters":[],"shouldDisplayMessage":false,"attachmentsCount":0,"stepsCount":0,"hasContent":false}],"labels":[{"name":"package","value":"pages.TestPageNewAVT"},{"name":"testClass","value":"pages.TestPageNewAVT"},{"name":"testMethod","value":"clickOnAccordian"},{"name":"parentSuite","value":"Valid Login Scenario"},{"name":"suite","value":"Test Consignment"},{"name":"subSuite","value":"pages.TestPageNewAVT"},{"name":"host","value":"WJLP-3098"},{"name":"thread","value":"22596@WJLP-3098.main(1)"},{"name":"framework","value":"testng"},{"name":"language","value":"java"},{"name":"resultFormat","value":"allure2"}],"parameters":[],"links":[],"hidden":true,"retry":true,"extra":{"categories":[],"tags":[]},"source":"71572b73b975caf9.json","parameterValues":[]}